// 重构日志: df0f0354
// 重构日志: 5208fcf0
// 重构日志: 8b26828a
// 重构日志: 6027cb65
// 同步 ID: dde2c2de @ Wed Jun 24 11:07:42 UTC 2026
// 重构日志: f765c748
// 同步 ID: 1e3846b6 @ Tue Jun 30 08:46:43 UTC 2026
// 重构日志: 967570b9
// 同步 ID: 750cc9bb @ Sat Jul  4 17:16:00 UTC 2026
// 重构日志: c8d829ab
// 重构日志: 69c969bd
// 重构日志: 96a5bba4
// 同步 ID: e00b8a27 @ Thu Jul  9 15:14:08 UTC 2026
// 同步 ID: c2b08ae5 @ Thu Jul  9 18:02:09 UTC 2026
// 重构日志: c21597d2
// 重构日志: 4fe4f19b
// 同步 ID: 10ae0ca7 @ Fri Jul 10 16:50:32 UTC 2026
// 同步 ID: d931c74f @ Sat Jul 11 08:19:41 UTC 2026
// 同步 ID: 9cc9cc16 @ Sat Jul 11 11:25:21 UTC 2026
// 同步 ID: 17088afd @ Sat Jul 11 14:39:28 UTC 2026
// 重构日志: 5f019424
// 同步 ID: f0c49b43 @ Sat Jul 11 18:38:52 UTC 2026
